2017-06-12 17:03:54.596 [main] DEBUG c.f.t.f.util.DecriptUtilsTestCase -
				>>FaceYe : BaseTestCase Test Env now.
2017-06-12 17:03:54.616 [main] DEBUG c.f.t.feature.util.MathUtilsTestCase -
				>>FaceYe --> rand is:5
2017-06-12 17:03:54.618 [main] DEBUG c.f.t.feature.util.MathUtilsTestCase -
				>>FaceYe : BaseTestCase Test Env now.
2017-06-12 17:03:54.641 [main] DEBUG c.f.t.feature.util.SHAUtilsTestCase -
				>>FaceYe -> sha is :b1e6d52ecba7cbfd111d515e8db0011ed39de189
2017-06-12 17:03:54.645 [main] DEBUG c.f.t.feature.util.SHAUtilsTestCase -
				>>FaceYe : BaseTestCase Test Env now.
2017-06-12 17:05:30.232 [main] DEBUG c.f.t.f.util.DecriptUtilsTestCase -
				>>FaceYe : BaseTestCase Test Env now.
2017-06-12 17:05:30.251 [main] DEBUG c.f.t.feature.util.MathUtilsTestCase -
				>>FaceYe --> rand is:4
2017-06-12 17:05:30.256 [main] DEBUG c.f.t.feature.util.MathUtilsTestCase -
				>>FaceYe : BaseTestCase Test Env now.
2017-06-12 17:05:30.290 [main] DEBUG c.f.t.feature.util.SHAUtilsTestCase -
				>>FaceYe -> sha is :b1e6d52ecba7cbfd111d515e8db0011ed39de189
2017-06-12 17:05:30.291 [main] DEBUG c.f.t.feature.util.SHAUtilsTestCase -
				>>FaceYe : BaseTestCase Test Env now.
2017-06-12 17:07:21.606 [main] DEBUG c.f.t.f.util.DecriptUtilsTestCase -
				>>FaceYe : BaseTestCase Test Env now.
2017-06-12 17:07:21.615 [main] DEBUG c.f.t.feature.util.MathUtilsTestCase -
				>>FaceYe --> rand is:5
2017-06-12 17:07:21.618 [main] DEBUG c.f.t.feature.util.MathUtilsTestCase -
				>>FaceYe : BaseTestCase Test Env now.
2017-06-12 17:07:21.655 [main] DEBUG c.f.t.feature.util.SHAUtilsTestCase -
				>>FaceYe -> sha is :b1e6d52ecba7cbfd111d515e8db0011ed39de189
2017-06-12 17:07:21.656 [main] DEBUG c.f.t.feature.util.SHAUtilsTestCase -
				>>FaceYe : BaseTestCase Test Env now.
2017-06-12 17:38:19.001 [main] DEBUG c.f.t.feature.service.BaseTestCase -
				>>FaceYe : BaseTestCase Test Env now.
2017-06-12 17:38:34.086 [main] DEBUG c.f.t.feature.util.SHAUtilsTestCase -
				>>FaceYe -> sha is :b1e6d52ecba7cbfd111d515e8db0011ed39de189
2017-06-12 17:43:05.899 [main] DEBUG c.f.t.feature.service.BaseTestCase -
				>>FaceYe : BaseTestCase Test Env now.
2017-06-12 17:43:05.916 [main] DEBUG c.f.t.feature.util.MathUtilsTestCase -
				>>FaceYe --> rand is:3
2017-06-12 17:43:05.919 [main] DEBUG c.f.t.feature.util.MathUtilsTestCase -
				>>FaceYe : BaseTestCase Test Env now.
2017-06-12 17:43:05.973 [main] DEBUG c.f.t.feature.util.SHAUtilsTestCase -
				>>FaceYe -> sha is :b1e6d52ecba7cbfd111d515e8db0011ed39de189
2017-06-12 17:43:05.976 [main] DEBUG c.f.t.feature.util.SHAUtilsTestCase -
				>>FaceYe : BaseTestCase Test Env now.
